Build started 9.07.2024 01:12:39.
     1>Project "C:\Users\TEMP.DESKTOP-6A7HT7G.000\Desktop\okul\okul 31\cs300\hw3\hw3\hw3\hw3.vcxproj" on node 2 (Build target(s)).
     1>ClCompile:
         C:\Program Files (x86)\Microsoft Visual Studio 11.0\VC\bin\CL.exe /c /ZI /nologo /W3 /WX- /Od /Oy- /D "WIN32" /D _DEBUG /D _CONSOLE /D "_UNICODE" /D "UNICODE" /Gm /EHsc /RTC1 /MDd /GS /fp:precise /Zc:wchar_t /Zc:forScope /Fo"Debug\\" /Fd"Debug\vc110.pdb" /Gd /TP /analyze- /errorReport:prompt BST.cpp Hash.cpp uulas_tokat_ufukulas_hw3.cpp
         uulas_tokat_ufukulas_hw3.cpp
     1>c:\users\temp.desktop-6a7ht7g.000\desktop\okul\okul 31\cs300\hw3\hw3\hw3\uulas_tokat_ufukulas_hw3.cpp(95): warning C4018: '<' : signed/unsigned mismatch
     1>c:\users\temp.desktop-6a7ht7g.000\desktop\okul\okul 31\cs300\hw3\hw3\hw3\uulas_tokat_ufukulas_hw3.cpp(376): warning C4244: 'initializing' : conversion from '__int64' to 'float', possible loss of data
     1>c:\users\temp.desktop-6a7ht7g.000\desktop\okul\okul 31\cs300\hw3\hw3\hw3\uulas_tokat_ufukulas_hw3.cpp(377): warning C4244: 'initializing' : conversion from '__int64' to 'float', possible loss of data
     1>c:\users\temp.desktop-6a7ht7g.000\desktop\okul\okul 31\cs300\hw3\hw3\hw3\hash.cpp(77): warning C4244: '+=' : conversion from 'double' to 'unsigned long', possible loss of data
                 c:\users\temp.desktop-6a7ht7g.000\desktop\okul\okul 31\cs300\hw3\hw3\hw3\hash.cpp(68) : while compiling class template member function 'int HashTable<Key,Value>::findPos(const Key &) const'
                 with
                 [
                     Key=std::string,
                     Value=WordItem
                 ]
                 c:\users\temp.desktop-6a7ht7g.000\desktop\okul\okul 31\cs300\hw3\hw3\hw3\hash.cpp(92) : see reference to function template instantiation 'int HashTable<Key,Value>::findPos(const Key &) const' being compiled
                 with
                 [
                     Key=std::string,
                     Value=WordItem
                 ]
                 c:\users\temp.desktop-6a7ht7g.000\desktop\okul\okul 31\cs300\hw3\hw3\hw3\hash.cpp(40) : while compiling class template member function 'HashTable<Key,Value>::HashTable(const Value &,int)'
                 with
                 [
                     Key=std::string,
                     Value=WordItem
                 ]
                 c:\users\temp.desktop-6a7ht7g.000\desktop\okul\okul 31\cs300\hw3\hw3\hw3\uulas_tokat_ufukulas_hw3.cpp(83) : see reference to function template instantiation 'HashTable<Key,Value>::HashTable(const Value &,int)' being compiled
                 with
                 [
                     Key=std::string,
                     Value=WordItem
                 ]
                 c:\users\temp.desktop-6a7ht7g.000\desktop\okul\okul 31\cs300\hw3\hw3\hw3\uulas_tokat_ufukulas_hw3.cpp(44) : see reference to class template instantiation 'HashTable<Key,Value>' being compiled
                 with
                 [
                     Key=std::string,
                     Value=WordItem
                 ]
         Hash.cpp
         BST.cpp
         Generating Code...
       Link:
         C:\Program Files (x86)\Microsoft Visual Studio 11.0\VC\bin\link.exe /ERRORREPORT:PROMPT /OUT:"C:\Users\TEMP.DESKTOP-6A7HT7G.000\Desktop\okul\okul 31\cs300\hw3\hw3\Debug\hw3.exe" /INCREMENTAL /NOLOGO kernel32.lib user32.lib gdi32.lib winspool.lib comdlg32.lib advapi32.lib shell32.lib ole32.lib oleaut32.lib uuid.lib odbc32.lib odbccp32.lib /MANIFEST /MANIFESTUAC:"level='asInvoker' uiAccess='false'" /manifest:embed /DEBUG /PDB:"C:\Users\TEMP.DESKTOP-6A7HT7G.000\Desktop\okul\okul 31\cs300\hw3\hw3\Debug\hw3.pdb" /SUBSYSTEM:CONSOLE /TLBID:1 /DYNAMICBASE /NXCOMPAT /IMPLIB:"C:\Users\TEMP.DESKTOP-6A7HT7G.000\Desktop\okul\okul 31\cs300\hw3\hw3\Debug\hw3.lib" /MACHINE:X86 Debug\BST.obj
         Debug\Hash.obj
         Debug\uulas_tokat_ufukulas_hw3.obj
         hw3.vcxproj -> C:\Users\TEMP.DESKTOP-6A7HT7G.000\Desktop\okul\okul 31\cs300\hw3\hw3\Debug\hw3.exe
     1>Done Building Project "C:\Users\TEMP.DESKTOP-6A7HT7G.000\Desktop\okul\okul 31\cs300\hw3\hw3\hw3\hw3.vcxproj" (Build target(s)).

Build succeeded.

Time Elapsed 00:00:01.28
